app/build/intermediates/manifest_merge_blame_file/debug/manifest-merger-blame-debug-report.txt
1<?xml version="1.0" encoding="utf-8"?>
2<manifest xmlns:android="http://schemas.android.com/apk/res/android"
3    package="com.threedev.flashlight"
4    android:versionCode="1"
5    android:versionName="1.0" >
6
7    <uses-sdk
8        android:minSdkVersion="24"
9        android:targetSdkVersion="35" />
10
11    <uses-feature
11-->src\main\AndroidManifest.xml:5:5-7:36
12        android:name="android.hardware.telephony"
12-->src\main\AndroidManifest.xml:6:9-50
13        android:required="false" />
13-->src\main\AndroidManifest.xml:7:9-33
14
15    <uses-permission android:name="android.permission.READ_PHONE_STATE" />
15-->src\main\AndroidManifest.xml:9:5-75
15-->src\main\AndroidManifest.xml:9:22-72
16    <uses-permission android:name="android.permission.RECEIVE_BOOT_COMPLETED" />
16-->src\main\AndroidManifest.xml:10:5-81
16-->src\main\AndroidManifest.xml:10:22-78
17    <!-- <uses-permission android:name="android.permission.POST_NOTIFICATIONS" /> -->
18    <!-- <uses-permission android:name="android.permission.RECEIVE_SMS" /> -->
19    <uses-permission android:name="android.permission.FOREGROUND_SERVICE" />
19-->src\main\AndroidManifest.xml:13:5-77
19-->src\main\AndroidManifest.xml:13:22-74
20    <uses-permission android:name="android.permission.FOREGROUND_SERVICE_SPECIAL_USE" />
20-->src\main\AndroidManifest.xml:14:5-89
20-->src\main\AndroidManifest.xml:14:22-86
21
22    <queries>
22-->src\main\AndroidManifest.xml:16:5-21:15
23        <intent>
23-->src\main\AndroidManifest.xml:17:9-20:18
24            <action android:name="android.intent.action.MAIN" />
24-->src\main\AndroidManifest.xml:18:13-65
24-->src\main\AndroidManifest.xml:18:21-62
25
26            <category android:name="android.intent.category.LAUNCHER" />
26-->src\main\AndroidManifest.xml:19:13-73
26-->src\main\AndroidManifest.xml:19:23-70
27        </intent>
28    </queries>
29
30    <permission
30-->[androidx.core:core:1.15.0] AndroidManifest.xml:22:5-24:47
31        android:name="com.threedev.flashlight.DYNAMIC_RECEIVER_NOT_EXPORTED_PERMISSION"
31-->[androidx.core:core:1.15.0] AndroidManifest.xml:23:9-81
32        android:protectionLevel="signature" />
32-->[androidx.core:core:1.15.0] AndroidManifest.xml:24:9-44
33
34    <uses-permission android:name="com.threedev.flashlight.DYNAMIC_RECEIVER_NOT_EXPORTED_PERMISSION" />
34-->[androidx.core:core:1.15.0] AndroidManifest.xml:26:5-97
34-->[androidx.core:core:1.15.0] AndroidManifest.xml:26:22-94
35
36    <application
36-->src\main\AndroidManifest.xml:23:5-100:19
37        android:name="com.threedev.flashlight.helper.AppController"
37-->src\main\AndroidManifest.xml:24:9-45
38        android:allowBackup="true"
38-->src\main\AndroidManifest.xml:25:9-35
39        android:appComponentFactory="androidx.core.app.CoreComponentFactory"
39-->[androidx.core:core:1.15.0] AndroidManifest.xml:28:18-86
40        android:dataExtractionRules="@xml/data_extraction_rules"
40-->src\main\AndroidManifest.xml:26:9-65
41        android:debuggable="true"
42        android:extractNativeLibs="false"
43        android:fullBackupContent="@xml/backup_rules"
43-->src\main\AndroidManifest.xml:27:9-54
44        android:icon="@mipmap/ic_launcher"
44-->src\main\AndroidManifest.xml:28:9-43
45        android:label="@string/app_name"
45-->src\main\AndroidManifest.xml:29:9-41
46        android:roundIcon="@mipmap/ic_launcher_round"
46-->src\main\AndroidManifest.xml:30:9-54
47        android:supportsRtl="true"
47-->src\main\AndroidManifest.xml:31:9-35
48        android:testOnly="true"
49        android:theme="@style/Theme.FlashLight" >
49-->src\main\AndroidManifest.xml:32:9-48
50        <activity
50-->src\main\AndroidManifest.xml:34:9-36:40
51            android:name="com.threedev.flashlight.ui.SettingLanguageActivity"
51-->src\main\AndroidManifest.xml:35:13-55
52            android:exported="false" />
52-->src\main\AndroidManifest.xml:36:13-37
53        <activity
53-->src\main\AndroidManifest.xml:37:9-39:40
54            android:name="com.threedev.flashlight.ui.CameraActivity"
54-->src\main\AndroidManifest.xml:38:13-46
55            android:exported="false" />
55-->src\main\AndroidManifest.xml:39:13-37
56        <activity
56-->src\main\AndroidManifest.xml:40:9-48:20
57            android:name="com.threedev.flashlight.ui.SplashScreenActivity"
57-->src\main\AndroidManifest.xml:41:13-52
58            android:exported="true" >
58-->src\main\AndroidManifest.xml:42:13-36
59            <intent-filter>
59-->src\main\AndroidManifest.xml:43:13-47:29
60                <action android:name="android.intent.action.MAIN" />
60-->src\main\AndroidManifest.xml:18:13-65
60-->src\main\AndroidManifest.xml:18:21-62
61
62                <category android:name="android.intent.category.LAUNCHER" />
62-->src\main\AndroidManifest.xml:19:13-73
62-->src\main\AndroidManifest.xml:19:23-70
63            </intent-filter>
64        </activity>
65        <activity
65-->src\main\AndroidManifest.xml:49:9-51:40
66            android:name="com.threedev.flashlight.ui.onbaording.OnBoardActivity"
66-->src\main\AndroidManifest.xml:50:13-58
67            android:exported="false" />
67-->src\main\AndroidManifest.xml:51:13-37
68        <activity
68-->src\main\AndroidManifest.xml:52:9-56:67
69            android:name="com.threedev.flashlight.MainActivity"
69-->src\main\AndroidManifest.xml:53:13-41
70            android:exported="true"
70-->src\main\AndroidManifest.xml:54:13-36
71            android:label="@string/app_name"
71-->src\main\AndroidManifest.xml:55:13-45
72            android:theme="@style/Theme.FlashLight.NoActionBar" />
72-->src\main\AndroidManifest.xml:56:13-64
73        <activity
73-->src\main\AndroidManifest.xml:57:9-60:67
74            android:name="com.threedev.flashlight.ui.LangaugeActivity"
74-->src\main\AndroidManifest.xml:58:13-48
75            android:exported="false"
75-->src\main\AndroidManifest.xml:59:13-37
76            android:theme="@style/Theme.FlashLight.NoActionBar" />
76-->src\main\AndroidManifest.xml:60:13-64
77
78        <receiver
78-->src\main\AndroidManifest.xml:62:9-68:20
79            android:name="com.threedev.flashlight.helper.CallReciever"
79-->src\main\AndroidManifest.xml:63:13-48
80            android:exported="true" >
80-->src\main\AndroidManifest.xml:64:13-36
81            <intent-filter>
81-->src\main\AndroidManifest.xml:65:13-67:29
82                <action android:name="android.intent.action.PHONE_STATE" />
82-->src\main\AndroidManifest.xml:66:17-76
82-->src\main\AndroidManifest.xml:66:25-73
83            </intent-filter>
84        </receiver>
85        <receiver
85-->src\main\AndroidManifest.xml:69:9-77:20
86            android:name="com.threedev.flashlight.helper.BootReceiver"
86-->src\main\AndroidManifest.xml:70:13-48
87            android:enabled="true"
87-->src\main\AndroidManifest.xml:71:13-35
88            android:exported="true"
88-->src\main\AndroidManifest.xml:72:13-36
89            android:permission="android.permission.RECEIVE_BOOT_COMPLETED" >
89-->src\main\AndroidManifest.xml:73:13-75
90            <intent-filter>
90-->src\main\AndroidManifest.xml:74:13-76:29
91                <action android:name="android.intent.action.BOOT_COMPLETED" />
91-->src\main\AndroidManifest.xml:75:17-79
91-->src\main\AndroidManifest.xml:75:25-76
92            </intent-filter>
93        </receiver>
94
95        <!-- <receiver -->
96        <!-- android:name=".helper.SmsReciver" -->
97        <!-- android:exported="true"> -->
98        <!-- <intent-filter> -->
99        <!-- <action android:name="android.provider.Telephony.SMS_RECEIVED" /> -->
100        <!-- </intent-filter> -->
101        <!-- </receiver> -->
102        <service
102-->src\main\AndroidManifest.xml:86:9-93:19
103            android:name="com.threedev.flashlight.Services.NotificationService"
103-->src\main\AndroidManifest.xml:87:13-57
104            android:exported="true"
104-->src\main\AndroidManifest.xml:88:13-36
105            android:permission="android.permission.BIND_NOTIFICATION_LISTENER_SERVICE" >
105-->src\main\AndroidManifest.xml:89:13-87
106            <intent-filter>
106-->src\main\AndroidManifest.xml:90:13-92:29
107                <action android:name="android.service.notification.NotificationListenerService" />
107-->src\main\AndroidManifest.xml:91:17-99
107-->src\main\AndroidManifest.xml:91:25-96
108            </intent-filter>
109        </service>
110        <service
110-->src\main\AndroidManifest.xml:95:9-99:58
111            android:name="com.threedev.flashlight.Services.NotificationForegroundService"
111-->src\main\AndroidManifest.xml:96:13-67
112            android:exported="false"
112-->src\main\AndroidManifest.xml:97:13-37
113            android:foregroundServiceType="specialUse" />
113-->src\main\AndroidManifest.xml:98:13-55
114
115        <activity
115-->[com.karumi:dexter:6.2.3] AndroidManifest.xml:27:9-29:72
116            android:name="com.karumi.dexter.DexterActivity"
116-->[com.karumi:dexter:6.2.3] AndroidManifest.xml:28:13-60
117            android:theme="@style/Dexter.Internal.Theme.Transparent" />
117-->[com.karumi:dexter:6.2.3] AndroidManifest.xml:29:13-69
118
119        <service
119-->[androidx.camera:camera-camera2:1.3.0] AndroidManifest.xml:24:9-33:19
120            android:name="androidx.camera.core.impl.MetadataHolderService"
120-->[androidx.camera:camera-camera2:1.3.0] AndroidManifest.xml:25:13-75
121            android:enabled="false"
121-->[androidx.camera:camera-camera2:1.3.0] AndroidManifest.xml:26:13-36
122            android:exported="false" >
122-->[androidx.camera:camera-camera2:1.3.0] AndroidManifest.xml:27:13-37
123            <meta-data
123-->[androidx.camera:camera-camera2:1.3.0] AndroidManifest.xml:30:13-32:89
124                android:name="androidx.camera.core.impl.MetadataHolderService.DEFAULT_CONFIG_PROVIDER"
124-->[androidx.camera:camera-camera2:1.3.0] AndroidManifest.xml:31:17-103
125                android:value="androidx.camera.camera2.Camera2Config$DefaultProvider" />
125-->[androidx.camera:camera-camera2:1.3.0] AndroidManifest.xml:32:17-86
126        </service>
127
128        <provider
128-->[androidx.emoji2:emoji2:1.3.0] AndroidManifest.xml:24:9-32:20
129            android:name="androidx.startup.InitializationProvider"
129-->[androidx.emoji2:emoji2:1.3.0] AndroidManifest.xml:25:13-67
130            android:authorities="com.threedev.flashlight.androidx-startup"
130-->[androidx.emoji2:emoji2:1.3.0] AndroidManifest.xml:26:13-68
131            android:exported="false" >
131-->[androidx.emoji2:emoji2:1.3.0] AndroidManifest.xml:27:13-37
132            <meta-data
132-->[androidx.emoji2:emoji2:1.3.0] AndroidManifest.xml:29:13-31:52
133                android:name="androidx.emoji2.text.EmojiCompatInitializer"
133-->[androidx.emoji2:emoji2:1.3.0] AndroidManifest.xml:30:17-75
134                android:value="androidx.startup" />
134-->[androidx.emoji2:emoji2:1.3.0] AndroidManifest.xml:31:17-49
135            <meta-data
135-->[androidx.lifecycle:lifecycle-process:2.8.7] AndroidManifest.xml:29:13-31:52
136                android:name="androidx.lifecycle.ProcessLifecycleInitializer"
136-->[androidx.lifecycle:lifecycle-process:2.8.7] AndroidManifest.xml:30:17-78
137                android:value="androidx.startup" />
137-->[androidx.lifecycle:lifecycle-process:2.8.7] AndroidManifest.xml:31:17-49
138            <meta-data
138-->[androidx.profileinstaller:profileinstaller:1.4.0] AndroidManifest.xml:29:13-31:52
139                android:name="androidx.profileinstaller.ProfileInstallerInitializer"
139-->[androidx.profileinstaller:profileinstaller:1.4.0] AndroidManifest.xml:30:17-85
140                android:value="androidx.startup" />
140-->[androidx.profileinstaller:profileinstaller:1.4.0] AndroidManifest.xml:31:17-49
141        </provider>
142
143        <uses-library
143-->[androidx.window:window:1.0.0] AndroidManifest.xml:25:9-27:40
144            android:name="androidx.window.extensions"
144-->[androidx.window:window:1.0.0] AndroidManifest.xml:26:13-54
145            android:required="false" />
145-->[androidx.window:window:1.0.0] AndroidManifest.xml:27:13-37
146        <uses-library
146-->[androidx.window:window:1.0.0] AndroidManifest.xml:28:9-30:40
147            android:name="androidx.window.sidecar"
147-->[androidx.window:window:1.0.0] AndroidManifest.xml:29:13-51
148            android:required="false" />
148-->[androidx.window:window:1.0.0] AndroidManifest.xml:30:13-37
149
150        <receiver
150-->[androidx.profileinstaller:profileinstaller:1.4.0] AndroidManifest.xml:34:9-52:20
151            android:name="androidx.profileinstaller.ProfileInstallReceiver"
151-->[androidx.profileinstaller:profileinstaller:1.4.0] AndroidManifest.xml:35:13-76
152            android:directBootAware="false"
152-->[androidx.profileinstaller:profileinstaller:1.4.0] AndroidManifest.xml:36:13-44
153            android:enabled="true"
153-->[androidx.profileinstaller:profileinstaller:1.4.0] AndroidManifest.xml:37:13-35
154            android:exported="true"
154-->[androidx.profileinstaller:profileinstaller:1.4.0] AndroidManifest.xml:38:13-36
155            android:permission="android.permission.DUMP" >
155-->[androidx.profileinstaller:profileinstaller:1.4.0] AndroidManifest.xml:39:13-57
156            <intent-filter>
156-->[androidx.profileinstaller:profileinstaller:1.4.0] AndroidManifest.xml:40:13-42:29
157                <action android:name="androidx.profileinstaller.action.INSTALL_PROFILE" />
157-->[androidx.profileinstaller:profileinstaller:1.4.0] AndroidManifest.xml:41:17-91
157-->[androidx.profileinstaller:profileinstaller:1.4.0] AndroidManifest.xml:41:25-88
158            </intent-filter>
159            <intent-filter>
159-->[androidx.profileinstaller:profileinstaller:1.4.0] AndroidManifest.xml:43:13-45:29
160                <action android:name="androidx.profileinstaller.action.SKIP_FILE" />
160-->[androidx.profileinstaller:profileinstaller:1.4.0] AndroidManifest.xml:44:17-85
160-->[androidx.profileinstaller:profileinstaller:1.4.0] AndroidManifest.xml:44:25-82
161            </intent-filter>
162            <intent-filter>
162-->[androidx.profileinstaller:profileinstaller:1.4.0] AndroidManifest.xml:46:13-48:29
163                <action android:name="androidx.profileinstaller.action.SAVE_PROFILE" />
163-->[androidx.profileinstaller:profileinstaller:1.4.0] AndroidManifest.xml:47:17-88
163-->[androidx.profileinstaller:profileinstaller:1.4.0] AndroidManifest.xml:47:25-85
164            </intent-filter>
165            <intent-filter>
165-->[androidx.profileinstaller:profileinstaller:1.4.0] AndroidManifest.xml:49:13-51:29
166                <action android:name="androidx.profileinstaller.action.BENCHMARK_OPERATION" />
166-->[androidx.profileinstaller:profileinstaller:1.4.0] AndroidManifest.xml:50:17-95
166-->[androidx.profileinstaller:profileinstaller:1.4.0] AndroidManifest.xml:50:25-92
167            </intent-filter>
168        </receiver>
169    </application>
170
171</manifest>